Info_2023/11/13 17:56:12: By AlanDu Time:2023/11/13 17:56:12
Info_2023/11/13 17:56:12: Version 0.1
Info_2023/11/13 17:56:12: Function Protobuf Resolver
Info_2023/11/13 17:56:12: protoDirPath：E:\sanguo\Unity\LubanTools\Proto\pb_message
Info_2023/11/13 17:56:12: ProtoOutputPath：../../Assets/GameMain/Scripts/HotFix/HotFixCommon/Definition/Constant
Info_2023/11/13 17:56:12: 输出日志：：：1-0
Warn_2023/11/13 17:56:12: 当前有重复mainRoute:1 subRoute0
Info_2023/11/13 17:56:12: 输出日志：：：1-0
Info_2023/11/13 17:56:12: 输出日志：：：1-1
Warn_2023/11/13 17:56:12: 当前有重复mainRoute:1 subRoute1
Info_2023/11/13 17:56:12: 输出日志：：：1-1
Warn_2023/11/13 17:56:12: 当前有重复mainRoute:1 subRoute1
Info_2023/11/13 17:56:12: 输出日志：：：1-1
Info_2023/11/13 17:56:12: 输出日志：：：1-2
Info_2023/11/13 17:56:12: 输出日志：：：1-3
Warn_2023/11/13 17:56:12: 当前有重复mainRoute:1 subRoute3
Info_2023/11/13 17:56:12: 输出日志：：：1-3
Info_2023/11/13 17:56:12: 输出日志：：：1-4
Info_2023/11/13 17:56:12: 输出日志：：：1-5
Info_2023/11/13 17:56:12: 输出日志：：：1-6
